

***********************************************************************
Fatal NI connect error 12541, connecting to:
 (DESCRIPTION=(ADDRESS=(PROTOCOL=tcp)(HOST=192.10.28.237)(PORT=1521))(CONNECT_DATA=(SID=taki)(SERVER=DEDICATED)(CID=(PROGRAM=sqlplus@app)(HOST=app)(USER=mtakiuch))))

  VERSION INFORMATION:
	TNS for HPUX: Version 9.2.0.8.0 - Production
	TCP/IP NT Protocol Adapter for HPUX: Version 9.2.0.8.0 - Production
  Time: 24-JAN-2011 16:52:10
  Tracing not turned on.
  Tns error struct:
    ns main err code: 12541
    TNS-12541: TNS:no listener
    ns secondary err code: 12560
    nt main err code: 511
    TNS-00511: No listener
    nt secondary err code: 239
    nt OS err code: 0


***********************************************************************
Fatal NI connect error 12541, connecting to:
 (DESCRIPTION=(ADDRESS=(PROTOCOL=tcp)(HOST=192.10.28.237)(PORT=1521))(CONNECT_DATA=(SID=taki)(SERVER=DEDICATED)(CID=(PROGRAM=sqlplus)(HOST=app)(USER=mtakiuch))))

  VERSION INFORMATION:
	TNS for HPUX: Version 9.2.0.8.0 - Production
	TCP/IP NT Protocol Adapter for HPUX: Version 9.2.0.8.0 - Production
  Time: 24-JAN-2011 16:52:13
  Tracing not turned on.
  Tns error struct:
    ns main err code: 12541
    TNS-12541: TNS:no listener
    ns secondary err code: 12560
    nt main err code: 511
    TNS-00511: No listener
    nt secondary err code: 239
    nt OS err code: 0


***********************************************************************
Fatal NI connect error 12541, connecting to:
 (DESCRIPTION=(ADDRESS=(PROTOCOL=tcp)(HOST=10.11.68.76)(PORT=1521))(CONNECT_DATA=(SID=sidk)(SERVER=DEDICATED)(CID=(PROGRAM=sqlplus@app)(HOST=app)(USER=mtakiuch))))

  VERSION INFORMATION:
	TNS for HPUX: Version 9.2.0.8.0 - Production
	TCP/IP NT Protocol Adapter for HPUX: Version 9.2.0.8.0 - Production
  Time: 02-MAY-2011 15:56:43
  Tracing not turned on.
  Tns error struct:
    ns main err code: 12541
    TNS-12541: TNS:no listener
    ns secondary err code: 12560
    nt main err code: 511
    TNS-00511: No listener
    nt secondary err code: 239
    nt OS err code: 0


***********************************************************************
Fatal NI connect error 12541, connecting to:
 (DESCRIPTION=(ADDRESS=(PROTOCOL=tcp)(HOST=192.10.29.151)(PORT=1521))(CONNECT_DATA=(SID=sidk)(SERVER=DEDICATED)(CID=(PROGRAM=sqlplus@app)(HOST=app)(USER=mtakiuch))))

  VERSION INFORMATION:
	TNS for HPUX: Version 9.2.0.8.0 - Production
	TCP/IP NT Protocol Adapter for HPUX: Version 9.2.0.8.0 - Production
  Time: 20-MAY-2011 09:28:03
  Tracing not turned on.
  Tns error struct:
    ns main err code: 12541
    TNS-12541: TNS:no listener
    ns secondary err code: 12560
    nt main err code: 511
    TNS-00511: No listener
    nt secondary err code: 239
    nt OS err code: 0


***********************************************************************
Fatal NI connect error 12541, connecting to:
 (DESCRIPTION=(ADDRESS=(PROTOCOL=tcp)(HOST=192.10.29.151)(PORT=1521))(CONNECT_DATA=(SID=sidk)(SERVER=DEDICATED)(CID=(PROGRAM=sqlplus@app)(HOST=app)(USER=mtakiuch))))

  VERSION INFORMATION:
	TNS for HPUX: Version 9.2.0.8.0 - Production
	TCP/IP NT Protocol Adapter for HPUX: Version 9.2.0.8.0 - Production
  Time: 20-MAY-2011 09:28:21
  Tracing not turned on.
  Tns error struct:
    ns main err code: 12541
    TNS-12541: TNS:no listener
    ns secondary err code: 12560
    nt main err code: 511
    TNS-00511: No listener
    nt secondary err code: 239
    nt OS err code: 0
